-------------------------------------------------------------------------------
Test set: acmecollege.TestACMECollegeSystem
-------------------------------------------------------------------------------
Tests run: 5, Failures: 0, Errors: 5, Skipped: 0, Time elapsed: 0.845 s <<< FAILURE! - in acmecollege.TestACMECollegeSystem
acmecollege.TestACMECollegeSystem.test01_all_students_with_adminrole  Time elapsed: 0.525 s  <<< ERROR!
javax.ws.rs.ProcessingException: java.net.ConnectException: Connection refused: connect
	at acmecollege.TestACMECollegeSystem.test01_all_students_with_adminrole(TestACMECollegeSystem.java:98)
Caused by: java.net.ConnectException: Connection refused: connect
	at acmecollege.TestACMECollegeSystem.test01_all_students_with_adminrole(TestACMECollegeSystem.java:98)

acmecollege.TestACMECollegeSystem.test02_get_student_by_id_with_adminrole  Time elapsed: 0.027 s  <<< ERROR!
javax.ws.rs.ProcessingException: java.net.ConnectException: Connection refused: connect
	at acmecollege.TestACMECollegeSystem.test02_get_student_by_id_with_adminrole(TestACMECollegeSystem.java:111)
Caused by: java.net.ConnectException: Connection refused: connect
	at acmecollege.TestACMECollegeSystem.test02_get_student_by_id_with_adminrole(TestACMECollegeSystem.java:111)

acmecollege.TestACMECollegeSystem.test03_add_student_with_adminrole  Time elapsed: 0.098 s  <<< ERROR!
javax.ws.rs.ProcessingException: java.net.ConnectException: Connection refused: connect
	at acmecollege.TestACMECollegeSystem.test03_add_student_with_adminrole(TestACMECollegeSystem.java:126)
Caused by: java.net.ConnectException: Connection refused: connect
	at acmecollege.TestACMECollegeSystem.test03_add_student_with_adminrole(TestACMECollegeSystem.java:126)

acmecollege.TestACMECollegeSystem.test04_update_student_with_adminrole  Time elapsed: 0.02 s  <<< ERROR!
javax.ws.rs.ProcessingException: java.net.ConnectException: Connection refused: connect
	at acmecollege.TestACMECollegeSystem.test04_update_student_with_adminrole(TestACMECollegeSystem.java:141)
Caused by: java.net.ConnectException: Connection refused: connect
	at acmecollege.TestACMECollegeSystem.test04_update_student_with_adminrole(TestACMECollegeSystem.java:141)

acmecollege.TestACMECollegeSystem.test05_delete_student_with_adminrole  Time elapsed: 0.021 s  <<< ERROR!
javax.ws.rs.ProcessingException: java.net.ConnectException: Connection refused: connect
	at acmecollege.TestACMECollegeSystem.test05_delete_student_with_adminrole(TestACMECollegeSystem.java:153)
Caused by: java.net.ConnectException: Connection refused: connect
	at acmecollege.TestACMECollegeSystem.test05_delete_student_with_adminrole(TestACMECollegeSystem.java:153)

