-------------------------------------------------------------------------------
Test set: acmecollege.TestACMECollegeSystem
-------------------------------------------------------------------------------
Tests run: 5, Failures: 0, Errors: 5, Skipped: 0, Time elapsed: 0.885 s <<< FAILURE! - in acmecollege.TestACMECollegeSystem
acmecollege.TestACMECollegeSystem.test01_all_students_with_adminrole  Time elapsed: 0.548 s  <<< ERROR!
javax.ws.rs.ProcessingException: java.net.ConnectException: Connection refused: connect
	at acmecollege.TestACMECollegeSystem.test01_all_students_with_adminrole(TestACMECollegeSystem.java:97)
Caused by: java.net.ConnectException: Connection refused: connect
	at acmecollege.TestACMECollegeSystem.test01_all_students_with_adminrole(TestACMECollegeSystem.java:97)

acmecollege.TestACMECollegeSystem.test02_get_student_by_id_with_adminrole  Time elapsed: 0.026 s  <<< ERROR!
javax.ws.rs.ProcessingException: java.net.ConnectException: Connection refused: connect
	at acmecollege.TestACMECollegeSystem.test02_get_student_by_id_with_adminrole(TestACMECollegeSystem.java:110)
Caused by: java.net.ConnectException: Connection refused: connect
	at acmecollege.TestACMECollegeSystem.test02_get_student_by_id_with_adminrole(TestACMECollegeSystem.java:110)

acmecollege.TestACMECollegeSystem.test03_add_student_with_adminrole  Time elapsed: 0.098 s  <<< ERROR!
javax.ws.rs.ProcessingException: java.net.ConnectException: Connection refused: connect
	at acmecollege.TestACMECollegeSystem.test03_add_student_with_adminrole(TestACMECollegeSystem.java:125)
Caused by: java.net.ConnectException: Connection refused: connect
	at acmecollege.TestACMECollegeSystem.test03_add_student_with_adminrole(TestACMECollegeSystem.java:125)

acmecollege.TestACMECollegeSystem.test04_update_student_with_adminrole  Time elapsed: 0.022 s  <<< ERROR!
javax.ws.rs.ProcessingException: java.net.ConnectException: Connection refused: connect
	at acmecollege.TestACMECollegeSystem.test04_update_student_with_adminrole(TestACMECollegeSystem.java:140)
Caused by: java.net.ConnectException: Connection refused: connect
	at acmecollege.TestACMECollegeSystem.test04_update_student_with_adminrole(TestACMECollegeSystem.java:140)

acmecollege.TestACMECollegeSystem.test05_delete_student_with_adminrole  Time elapsed: 0.02 s  <<< ERROR!
javax.ws.rs.ProcessingException: java.net.ConnectException: Connection refused: connect
	at acmecollege.TestACMECollegeSystem.test05_delete_student_with_adminrole(TestACMECollegeSystem.java:152)
Caused by: java.net.ConnectException: Connection refused: connect
	at acmecollege.TestACMECollegeSystem.test05_delete_student_with_adminrole(TestACMECollegeSystem.java:152)

