<?xml version="1.0" encoding="UTF-8"?>
<testsuite xmlns:xsi="http://www.w3.org/2001/XMLSchema-instance" xsi:noNamespaceSchemaLocation="https://maven.apache.org/surefire/maven-surefire-plugin/xsd/surefire-test-report-3.0.xsd" version="3.0" name="acmecollege.TestACMECollegeSystem" time="0.845" tests="5" errors="5" skipped="0" failures="0">
  <properties>
[...]
</properties>
  <testcase name="test01_all_students_with_adminrole" classname="acmecollege.TestACMECollegeSystem" time="0.525">
    <error type="javax.ws.rs.ProcessingException"><![CDATA[javax.ws.rs.ProcessingException: java.net.ConnectException: Connection refused: connect
	at acmecollege.TestACMECollegeSystem.test01_all_students_with_adminrole(TestACMECollegeSystem.java:98)
Caused by: java.net.ConnectException: Connection refused: connect
	at acmecollege.TestACMECollegeSystem.test01_all_students_with_adminrole(TestACMECollegeSystem.java:98)
]]></error>
    <system-out><![CDATA[23:53:01.510 [main] DEBUG acmecollege.TestACMECollegeSystem - oneTimeSetUp
]]></system-out>
  </testcase>
  <testcase name="test02_get_student_by_id_with_adminrole" classname="acmecollege.TestACMECollegeSystem" time="0.027">
    <error type="javax.ws.rs.ProcessingException"><![CDATA[javax.ws.rs.ProcessingException: java.net.ConnectException: Connection refused: connect
	at acmecollege.TestACMECollegeSystem.test02_get_student_by_id_with_adminrole(TestACMECollegeSystem.java:111)
Caused by: java.net.ConnectException: Connection refused: connect
	at acmecollege.TestACMECollegeSystem.test02_get_student_by_id_with_adminrole(TestACMECollegeSystem.java:111)
]]></error>
  </testcase>
  <testcase name="test03_add_student_with_adminrole" classname="acmecollege.TestACMECollegeSystem" time="0.098">
    <error type="javax.ws.rs.ProcessingException"><![CDATA[javax.ws.rs.ProcessingException: java.net.ConnectException: Connection refused: connect
	at acmecollege.TestACMECollegeSystem.test03_add_student_with_adminrole(TestACMECollegeSystem.java:126)
Caused by: java.net.ConnectException: Connection refused: connect
	at acmecollege.TestACMECollegeSystem.test03_add_student_with_adminrole(TestACMECollegeSystem.java:126)
]]></error>
  </testcase>
  <testcase name="test04_update_student_with_adminrole" classname="acmecollege.TestACMECollegeSystem" time="0.02">
    <error type="javax.ws.rs.ProcessingException"><![CDATA[javax.ws.rs.ProcessingException: java.net.ConnectException: Connection refused: connect
	at acmecollege.TestACMECollegeSystem.test04_update_student_with_adminrole(TestACMECollegeSystem.java:141)
Caused by: java.net.ConnectException: Connection refused: connect
	at acmecollege.TestACMECollegeSystem.test04_update_student_with_adminrole(TestACMECollegeSystem.java:141)
]]></error>
  </testcase>
  <testcase name="test05_delete_student_with_adminrole" classname="acmecollege.TestACMECollegeSystem" time="0.021">
    <error type="javax.ws.rs.ProcessingException"><![CDATA[javax.ws.rs.ProcessingException: java.net.ConnectException: Connection refused: connect
	at acmecollege.TestACMECollegeSystem.test05_delete_student_with_adminrole(TestACMECollegeSystem.java:153)
Caused by: java.net.ConnectException: Connection refused: connect
	at acmecollege.TestACMECollegeSystem.test05_delete_student_with_adminrole(TestACMECollegeSystem.java:153)
]]></error>
  </testcase>
</testsuite>